0 info it worked if it ends with ok
1 verbose cli [ '/Users/cstoquer/.nvm/versions/node/v5.2.0/bin/node',
1 verbose cli   '/Users/cstoquer/.nvm/versions/node/v5.2.0/bin/npm',
1 verbose cli   'publish' ]
2 info using npm@3.3.12
3 info using node@v5.2.0
4 verbose publish [ '.' ]
5 silly cache add args [ '.', null ]
6 verbose cache add spec .
7 silly cache add parsed spec Result {
7 silly cache add   raw: '.',
7 silly cache add   scope: null,
7 silly cache add   name: null,
7 silly cache add   rawSpec: '.',
7 silly cache add   spec: '/Users/cstoquer/Sources/AudioManager',
7 silly cache add   type: 'directory' }
8 verbose addLocalDirectory /Users/cstoquer/.npm/audio-manager/0.1.8/package.tgz not in flight; packing
9 info lifecycle audio-manager@0.1.8~prepublish: audio-manager@0.1.8
10 silly lifecycle audio-manager@0.1.8~prepublish: no script for prepublish, continuing
11 verbose tar pack [ '/Users/cstoquer/.npm/audio-manager/0.1.8/package.tgz',
11 verbose tar pack   '/Users/cstoquer/Sources/AudioManager' ]
12 verbose tarball /Users/cstoquer/.npm/audio-manager/0.1.8/package.tgz
13 verbose folder /Users/cstoquer/Sources/AudioManager
14 verbose addLocalTarball adding from inside cache /Users/cstoquer/.npm/audio-manager/0.1.8/package.tgz
15 silly cache afterAdd audio-manager@0.1.8
16 verbose afterAdd /Users/cstoquer/.npm/audio-manager/0.1.8/package/package.json not in flight; writing
17 verbose afterAdd /Users/cstoquer/.npm/audio-manager/0.1.8/package/package.json written
18 silly publish { name: 'audio-manager',
18 silly publish   version: '0.1.8',
18 silly publish   description: 'Play sounds using Web Audio, fallback to HTML5 Audio',
18 silly publish   main: 'index.js',
18 silly publish   scripts: { test: 'echo "Error: no test specified" && exit 1' },
18 silly publish   repository:
18 silly publish    { type: 'git',
18 silly publish      url: 'git+https://github.com/Wizcorp/AudioManager.git' },
18 silly publish   keywords: [ 'audio', 'webAudio', 'sound' ],
18 silly publish   author: { name: 'Cedric Stoquer' },
18 silly publish   license: 'MIT',
18 silly publish   bugs: { url: 'https://github.com/Wizcorp/AudioManager/issues' },
18 silly publish   homepage: 'https://github.com/Wizcorp/AudioManager',
18 silly publish   readme: '# AudioManager\nPlay sounds using Web Audio, fallback on HTML5 Audio.\n`AudioManager` is specifically designed to works for games that have a big\nquantity of audio assets. Loading and unloading is made easy and transparent.\n\n# API\n\n```javascript\n// initialisation\nvar audioManager = new AudioManager(channelIds);\naudioManager.init();\naudioManager.setVolume(channelId, volume);\n\n// play simple sound\naudioManager.playSound(channelId, soundId, volume, panoramic, pitch);\n\n// sound group\naudioManager.createSoundGroups(soundGroupDefs, channelId);\naudioManager.createSoundGroup(soundGroupId, soundGroupDef, muted);\naudioManager.playSoundGroup(channelId, groupId, volume, panoramic, pitch);\n\n// loop\naudioManager.playLoopSound(channelId, soundId, volume);\naudioManager.stopLoopSound(channelId);\naudioManager.stopAllLoopSounds();\n\n// release memory\naudioManager.release();\n```\n\n# Documentation\n\n### Create audioManager object and channels\nPass the list of channels to the constructor as an array of strings.\n```javascript\nvar channels = [\'music\', \'sfx\', \'ui\'];\nvar audioManager = new AudioManager(channels);\n```\n\n### Setup audioManager path to sound assets folder\n```javascript\naudioManager.settings.audioPath = \'assets/audio/\';\n```\n\n### Start audio engine.\nTo work correctly on iOS, this must be called on an user interaction\ne.g. user pressing a button.\n(C.f. [this page](https://developer.apple.com/library/safari/documentation/AudioVideo/Conceptual/Using_HTML5_Audio_Video/Device-SpecificConsiderations/Device-SpecificConsiderations.html) to understand how this work.)\n```javascript\ngameStartButton.on(\'tap\', function () {\n\taudioManager.init();\n});\n```\n\n### Set channel volume\nBy default, channel volume is set to 0 and channel is muted.\nNo sounds will play until channel volume is set.\n```javascript\nvar volume = 1.0; // volume is a float in range ]0..1]\naudioManager.setVolume(\'ui\', volume);\n```\n\n### Create and play a simple sound.\nCreate a sound and playing it in a channel.\nSound is created and loaded automatically.\n```javascript\nvar fileName = \'laser1\';\naudioManager.playSound(\'sfx\', fileName);\n\n// volume and panoramic can be set optionally\nvar volume    = 0.7; // volume is a float in range ]0..1]\nvar panoramic = 0.9; // panoramic is a float in range [-1..1], 0 is the center\naudioManager.playSound(\'sfx\', fileName, volume, panoramic);\n```\n\nSounds creation and preloading can be forced.\n```javascript\naudioManager.createSound(fileName).load();\n```\n\nAlternatively, sounds can be played outside channels.\n```javascript\nvar sound = audioManager.createSound(fileName);\nsound.play(volume, panoramic, pitch); // all parameters are optional.\n```\n### Change pitch\nThis feature is only available with WebAudio.\n\n```javascript\nvar pitch = -7.0; // in semi-tone\nsound.setPitch(pitch);\n```\n\nThe pitch can be set at play.\n```javascript\naudioManager.playSound(\'ui\', fileName, volume, panoramic, pitch);\n```\n\nWhile a sound is playing, the pitch can be changed dynamically\n```javascript\nvar portamento = 3.0;\nsound.setPitch(pitch, portamento);\n```\n\n### Create and play sound groups.\nA sound group is a collection of sounds that will play alternatively in a \nround-robin pattern on each `play` call.\n```javascript\nvar soundGroupDef = {\n\tid:  [\'punch1\', \'punch2\'],\n\tvol: [1.0, 0.8],\n\tpitch: [0.0]\n};\naudioManager.createSoundGroups(\'punch\', soundGroupDef);\n\nvar volume    = 0.8; // volume is a float in range ]0..1]\nvar panoramic = 0.3; // panoramic is a float in range [-1..1], 0 is the center\nvar pitch     = 3.0; // in semi-tone\naudioManager.playSoundGroup(\'sfx\', \'punch\', volume, panoramic, pitch);\n```\n\nYou can create several sound groups in one function call\n```javascript\nvar soundGroupDefs = {\n\tgroupId1: { id: [\'sound1\', \'sound2\'], vol: [1.0, 0.8], pitch: [0.0] },\n\tgroupId2: { ... },\n\t...\n};\naudioManager.createSoundGroups(soundGroupDefs, \'sfx\');\n```\n\n### Play and stop looped sounds\nOnly one loop can play per channel. Playing a new looped sound in the same\nchannel will stop current playing sound before starting new one.\n```javascript\nvar volume   = 1.0; // volume is a float in range ]0..1]\nvar fileName = \'bgm1\';\naudioManager.playLoopSound(\'music\', fileName, volume);\naudioManager.stopLoopSound(\'music\'); // stop looped sound in channel \'music\'\naudioManager.stopAllLoopSounds();    // stop all looped sounds in all channel\n```\n\nHow looped sound fades and mixes can be set by modifying audioManager settings:\n```javascript\naudioManager.settings.defaultFade = 3;    // value in second\naudioManager.settings.crossFade   = true; // default is false\n```\n\n### Release memory\n```javascript\naudioManager.release();\n```\n\n### Custom loader function\n`audioManager.settings.getFileUri` can be overriden if you want more control on how to \nresolve files uri from sound id. The function have one on the following synchronous or\nasynchronous profile:\n\n```javascript\nfunction getFileUriSync(audioPath, id) {\n\tvar uri;\n\t// ...\n\treturn uri;\n}\n```\n\n```javascript\nfunction getFileUriAsync(audioPath, id, callback) {\n\tvar uri;\n\tvar error = null;\n\t// ...\n\treturn callback(error, uri);\n}\n```\n\nFor instance, here\'s how you can add [wizAssets](https://github.com/Wizcorp/phonegap-plugin-wizAssets)\nto cache files on disc in a PhoneGap application:\n```javascript\nif (window.wizAssets) {\n    audioManager.settings.getFileUri = function wizAssetsGetUri(audioPath, id, cb) {\n        window.wizAssets.downloadFile(audioPath + id + \'.mp3\', \'audio/\' + id + \'.mp3\', \n            function onSuccess(uri) {\n                cb(null, uri)\n            }, \n            cb // onFail callback\n        );\n    }\n}\n```\n\n',
18 silly publish   readmeFilename: 'README.md',
18 silly publish   gitHead: '23dec4ce3757b58876bf0b38a351590882321ebb',
18 silly publish   _id: 'audio-manager@0.1.8',
18 silly publish   _shasum: 'fec54e108439a08463330ed3ebd726e2075138c9',
18 silly publish   _from: '.' }
19 verbose getPublishConfig undefined
20 silly mapToRegistry name audio-manager
21 silly mapToRegistry using default registry
22 silly mapToRegistry registry https://registry.npmjs.org/
23 silly mapToRegistry uri https://registry.npmjs.org/audio-manager
24 verbose publish registryBase https://registry.npmjs.org/
25 silly publish uploading /Users/cstoquer/.npm/audio-manager/0.1.8/package.tgz
26 verbose request uri https://registry.npmjs.org/audio-manager
27 verbose request sending authorization for write operation
28 info attempt registry request try #1 at 1:13:14 PM
29 verbose request id 8791a2482b0af329
30 http request PUT https://registry.npmjs.org/audio-manager
31 http 403 https://registry.npmjs.org/audio-manager
32 verbose headers { 'content-type': 'application/json',
32 verbose headers   'cache-control': 'max-age=300',
32 verbose headers   'content-length': '95',
32 verbose headers   'accept-ranges': 'bytes',
32 verbose headers   date: 'Thu, 17 Dec 2015 04:13:15 GMT',
32 verbose headers   via: '1.1 varnish',
32 verbose headers   connection: 'keep-alive',
32 verbose headers   'x-served-by': 'cache-nrt6120-NRT',
32 verbose headers   'x-cache': 'MISS',
32 verbose headers   'x-cache-hits': '0',
32 verbose headers   'x-timer': 'S1450325594.801076,VS0,VE699' }
33 verbose request invalidating /Users/cstoquer/.npm/registry.npmjs.org/audio-manager on PUT
34 error publish Failed PUT 403
35 verbose stack Error: "You cannot publish over the previously published version 0.1.8." : audio-manager
35 verbose stack     at makeError (/Users/cstoquer/.nvm/versions/node/v5.2.0/lib/node_modules/npm/node_modules/npm-registry-client/lib/request.js:264:12)
35 verbose stack     at CachingRegistryClient.<anonymous> (/Users/cstoquer/.nvm/versions/node/v5.2.0/lib/node_modules/npm/node_modules/npm-registry-client/lib/request.js:252:14)
35 verbose stack     at Request._callback (/Users/cstoquer/.nvm/versions/node/v5.2.0/lib/node_modules/npm/node_modules/npm-registry-client/lib/request.js:172:14)
35 verbose stack     at Request.self.callback (/Users/cstoquer/.nvm/versions/node/v5.2.0/lib/node_modules/npm/node_modules/request/request.js:198:22)
35 verbose stack     at emitTwo (events.js:88:13)
35 verbose stack     at Request.emit (events.js:173:7)
35 verbose stack     at Request.<anonymous> (/Users/cstoquer/.nvm/versions/node/v5.2.0/lib/node_modules/npm/node_modules/request/request.js:1082:10)
35 verbose stack     at emitOne (events.js:83:20)
35 verbose stack     at Request.emit (events.js:170:7)
35 verbose stack     at IncomingMessage.<anonymous> (/Users/cstoquer/.nvm/versions/node/v5.2.0/lib/node_modules/npm/node_modules/request/request.js:1009:12)
36 verbose statusCode 403
37 verbose pkgid audio-manager
38 verbose cwd /Users/cstoquer/Sources/AudioManager
39 error Darwin 14.1.0
40 error argv "/Users/cstoquer/.nvm/versions/node/v5.2.0/bin/node" "/Users/cstoquer/.nvm/versions/node/v5.2.0/bin/npm" "publish"
41 error node v5.2.0
42 error npm  v3.3.12
43 error code E403
44 error "You cannot publish over the previously published version 0.1.8." : audio-manager
45 error If you need help, you may report this error at:
45 error     <https://github.com/npm/npm/issues>
46 verbose exit [ 1, true ]
